TN:
SF:/home/murthy/projects/javascript/VisualizingDetection/node_modules/angular2-template-loader/index.js!/home/murthy/projects/javascript/VisualizingDetection/node_modules/tslint-loader/index.js!/home/murthy/projects/javascript/VisualizingDetection/src/test.ts
FN:14,(anonymous_1)
FN:22,(anonymous_2)
FN:29,(anonymous_3)
FN:31,(anonymous_4)
FNF:4
FNH:4
FNDA:1,(anonymous_1)
FNDA:1,(anonymous_2)
FNDA:1,(anonymous_3)
FNDA:1,(anonymous_4)
DA:1,1
DA:2,1
DA:3,1
DA:4,1
DA:5,1
DA:6,1
DA:7,1
DA:14,1
DA:17,1
DA:23,1
DA:29,1
DA:31,1
LF:12
LH:12
BRF:0
BRH:0
end_of_record
TN:
SF:/home/murthy/projects/javascript/VisualizingDetection/node_modules/angular2-template-loader/index.js!/home/murthy/projects/javascript/VisualizingDetection/node_modules/tslint-loader/index.js!/home/murthy/projects/javascript/VisualizingDetection/src/polyfills.ts
FNF:0
FNH:0
DA:3,1
DA:4,1
DA:5,1
DA:6,1
DA:7,1
DA:8,1
DA:9,1
DA:10,1
DA:11,1
DA:12,1
DA:13,1
DA:14,1
DA:15,1
DA:16,1
DA:18,1
DA:19,1
LF:16
LH:16
BRF:0
BRH:0
end_of_record
TN:
SF:/home/murthy/projects/javascript/VisualizingDetection/node_modules/angular2-template-loader/index.js!/home/murthy/projects/javascript/VisualizingDetection/node_modules/tslint-loader/index.js!/home/murthy/projects/javascript/VisualizingDetection/src/app/app.component.ts
FN:10,(anonymous_3)
FN:14,AppComponent
FN:17,(anonymous_5)
FN:19,(anonymous_6)
FN:22,(anonymous_7)
FNF:5
FNH:1
FNDA:1,(anonymous_3)
FNDA:0,AppComponent
FNDA:0,(anonymous_5)
FNDA:0,(anonymous_6)
FNDA:0,(anonymous_7)
DA:1,1
DA:2,1
DA:5,1
DA:10,1
DA:12,0
DA:14,1
DA:17,1
DA:18,0
DA:19,0
DA:22,1
DA:23,0
DA:25,1
LF:12
LH:8
BRF:0
BRH:0
end_of_record
TN:
SF:/home/murthy/projects/javascript/VisualizingDetection/node_modules/angular2-template-loader/index.js!/home/murthy/projects/javascript/VisualizingDetection/node_modules/tslint-loader/index.js!/home/murthy/projects/javascript/VisualizingDetection/src/app/my-map/positon/position.service.ts
FN:7,(anonymous_3)
FN:13,PositionService
FN:16,(anonymous_5)
FN:23,(anonymous_6)
FN:28,(anonymous_7)
FN:33,(anonymous_8)
FN:45,(anonymous_9)
FN:52,(anonymous_10)
FN:56,(anonymous_11)
FNF:9
FNH:4
FNDA:1,(anonymous_3)
FNDA:1,PositionService
FNDA:0,(anonymous_5)
FNDA:0,(anonymous_6)
FNDA:0,(anonymous_7)
FNDA:0,(anonymous_8)
FNDA:0,(anonymous_9)
FNDA:1,(anonymous_10)
FNDA:1,(anonymous_11)
DA:1,1
DA:2,1
DA:3,1
DA:4,1
DA:6,1
DA:7,1
DA:8,1
DA:9,1
DA:10,1
DA:11,1
DA:13,1
DA:16,1
DA:17,0
DA:18,0
DA:23,1
DA:24,0
DA:28,1
DA:29,0
DA:33,1
DA:34,0
DA:35,0
DA:36,0
DA:37,0
DA:38,0
DA:39,0
DA:41,0
DA:45,1
DA:46,0
DA:48,0
DA:49,0
DA:52,1
DA:53,1
DA:56,1
DA:57,1
DA:59,1
LF:35
LH:21
BRDA:46,1,0,0
BRDA:46,1,1,0
BRDA:47,2,0,0
BRDA:47,2,1,0
BRF:4
BRH:0
end_of_record
TN:
SF:/home/murthy/projects/javascript/VisualizingDetection/node_modules/angular2-template-loader/index.js!/home/murthy/projects/javascript/VisualizingDetection/node_modules/tslint-loader/index.js!/home/murthy/projects/javascript/VisualizingDetection/src/app/my-map/positon/position.model.ts
FN:1,(anonymous_1)
FN:2,Position
FN:5,(anonymous_3)
FN:8,(anonymous_4)
FNF:4
FNH:1
FNDA:1,(anonymous_1)
FNDA:0,Position
FNDA:0,(anonymous_3)
FNDA:0,(anonymous_4)
DA:1,1
DA:2,1
DA:5,1
DA:6,0
DA:8,1
DA:9,0
DA:12,1
LF:7
LH:5
BRF:0
BRH:0
end_of_record
TN:
SF:/home/murthy/projects/javascript/VisualizingDetection/node_modules/angular2-template-loader/index.js!/home/murthy/projects/javascript/VisualizingDetection/node_modules/tslint-loader/index.js!/home/murthy/projects/javascript/VisualizingDetection/src/app/my-map/my-map.component.ts
FN:16,(anonymous_3)
FN:22,MyMapComponent
FN:26,(anonymous_5)
FN:35,(anonymous_6)
FN:37,(anonymous_7)
FN:40,(anonymous_8)
FN:43,(anonymous_9)
FN:44,(anonymous_10)
FN:47,(anonymous_11)
FN:49,(anonymous_12)
FN:53,(anonymous_13)
FN:59,(anonymous_14)
FN:74,(anonymous_15)
FN:75,(anonymous_16)
FN:80,(anonymous_17)
FN:84,(anonymous_18)
FN:90,(anonymous_19)
FN:99,(anonymous_20)
FN:103,(anonymous_21)
FN:113,(anonymous_22)
FN:118,(anonymous_23)
FN:125,(anonymous_24)
FN:136,(anonymous_25)
FN:146,(anonymous_26)
FNF:24
FNH:1
FNDA:1,(anonymous_3)
FNDA:0,MyMapComponent
FNDA:0,(anonymous_5)
FNDA:0,(anonymous_6)
FNDA:0,(anonymous_7)
FNDA:0,(anonymous_8)
FNDA:0,(anonymous_9)
FNDA:0,(anonymous_10)
FNDA:0,(anonymous_11)
FNDA:0,(anonymous_12)
FNDA:0,(anonymous_13)
FNDA:0,(anonymous_14)
FNDA:0,(anonymous_15)
FNDA:0,(anonymous_16)
FNDA:0,(anonymous_17)
FNDA:0,(anonymous_18)
FNDA:0,(anonymous_19)
FNDA:0,(anonymous_20)
FNDA:0,(anonymous_21)
FNDA:0,(anonymous_22)
FNDA:0,(anonymous_23)
FNDA:0,(anonymous_24)
FNDA:0,(anonymous_25)
FNDA:0,(anonymous_26)
DA:1,1
DA:2,1
DA:3,1
DA:4,1
DA:5,1
DA:6,1
DA:8,1
DA:16,1
DA:18,0
DA:20,0
DA:22,1
DA:26,1
DA:27,0
DA:28,0
DA:31,0
DA:32,0
DA:35,1
DA:36,0
DA:37,0
DA:40,1
DA:41,0
DA:43,0
DA:44,0
DA:47,1
DA:48,0
DA:49,0
DA:53,1
DA:54,0
DA:55,0
DA:59,1
DA:60,0
DA:61,0
DA:62,0
DA:63,0
DA:64,0
DA:65,0
DA:66,0
DA:67,0
DA:68,0
DA:69,0
DA:74,1
DA:75,0
DA:76,0
DA:80,1
DA:81,0
DA:84,1
DA:85,0
DA:86,0
DA:90,1
DA:91,0
DA:92,0
DA:93,0
DA:94,0
DA:95,0
DA:99,1
DA:100,0
DA:103,1
DA:104,0
DA:105,0
DA:106,0
DA:107,0
DA:110,0
DA:113,1
DA:114,0
DA:115,0
DA:118,1
DA:119,0
DA:120,0
DA:121,0
DA:122,0
DA:125,1
DA:126,0
DA:127,0
DA:128,0
DA:130,0
DA:136,1
DA:137,0
DA:138,0
DA:139,0
DA:141,0
DA:142,0
DA:143,0
DA:144,0
DA:145,0
DA:146,0
DA:147,0
DA:148,0
DA:149,0
DA:150,0
DA:151,0
DA:152,0
DA:157,1
LF:92
LH:26
BRDA:54,1,0,0
BRDA:54,1,1,0
BRDA:62,2,0,0
BRDA:62,2,1,0
BRDA:66,3,0,0
BRDA:66,3,1,0
BRDA:91,4,0,0
BRDA:91,4,1,0
BRDA:106,5,0,0
BRDA:106,5,1,0
BRDA:106,6,0,0
BRDA:106,6,1,0
BRDA:127,7,0,0
BRDA:127,7,1,0
BRF:14
BRH:0
end_of_record
TN:
SF:/home/murthy/projects/javascript/VisualizingDetection/node_modules/angular2-template-loader/index.js!/home/murthy/projects/javascript/VisualizingDetection/node_modules/tslint-loader/index.js!/home/murthy/projects/javascript/VisualizingDetection/src/app/my-map/marker/marker.model.ts
FN:3,(anonymous_1)
FN:5,Marker
FNF:2
FNH:1
FNDA:1,(anonymous_1)
FNDA:0,Marker
DA:3,1
DA:4,0
DA:5,1
DA:7,1
LF:4
LH:3
BRF:0
BRH:0
end_of_record
